;  LST file generated by mikroListExporter - v.2.0 
; Date/Time: 10.06.2023 16:21:58
;----------------------------------------------

;Address Opcode 	ASM
0x0000	0x020258  	LJMP 600
0x0003	0x020000  	LJMP 0
0x0006	0x00      	NOP
0x0007	0x00      	NOP
0x0008	0x00      	NOP
0x0009	0x00      	NOP
0x000A	0x00      	NOP
0x000B	0x020000  	LJMP 0
0x000E	0x00      	NOP
0x000F	0x00      	NOP
0x0010	0x00      	NOP
0x0011	0x00      	NOP
0x0012	0x00      	NOP
0x0013	0x020000  	LJMP 0
0x0016	0x00      	NOP
0x0017	0x00      	NOP
0x0018	0x00      	NOP
0x0019	0x00      	NOP
0x001A	0x00      	NOP
0x001B	0x020000  	LJMP 0
0x001E	0x00      	NOP
0x001F	0x00      	NOP
0x0020	0x00      	NOP
0x0021	0x00      	NOP
0x0022	0x00      	NOP
0x0023	0x020000  	LJMP 0
0x0026	0x00      	NOP
0x0027	0x00      	NOP
0x0028	0x00      	NOP
0x0029	0x00      	NOP
0x002A	0x00      	NOP
0x002B	0x020000  	LJMP 0
_Delay_5500us:
;__Lib_Delays.c,213 :: 		void Delay_5500us() {
;__Lib_Delays.c,214 :: 		Delay_us(5500);
0x002E	0x7E09    	MOV R6, 9
0x0030	0x7FE9    	MOV R7, 233
0x0032	0xDFFE    	DJNZ R7, PC-2
0x0034	0xDEFC    	DJNZ R6, PC-4
0x0036	0x00      	NOP
;__Lib_Delays.c,215 :: 		}
0x0037	0x22      	RET
; end of _Delay_5500us
_Delay_1us:
;__Lib_Delays.c,63 :: 		void Delay_1us() {
;__Lib_Delays.c,64 :: 		Delay_us(1);
0x0038	0x00      	NOP
;__Lib_Delays.c,65 :: 		}
0x0039	0x22      	RET
; end of _Delay_1us
_Delay_50us:
;__Lib_Delays.c,138 :: 		void Delay_50us() {
;__Lib_Delays.c,139 :: 		Delay_us(50);
0x003A	0x7F14    	MOV R7, 20
0x003C	0xDFFE    	DJNZ R7, PC-2
0x003E	0x00      	NOP
;__Lib_Delays.c,140 :: 		}
0x003F	0x22      	RET
; end of _Delay_50us
_Lcd_Cmd:
;__Lib_Lcd.c,13 :: 		
;__Lib_Lcd.c,14 :: 		
0x0040	0xE518    	MOV A, FARG_Lcd_Cmd_out_char
0x0042	0x5480    	ANL A, #128
0x0044	0xF8      	MOV R0, A
0x0045	0x630080  	XRL R0, #128
0x0048	0xE8      	MOV A, R0
0x0049	0x6004    	JZ L__Lcd_Cmd24
0x004B	0x7800    	MOV R0, #0
0x004D	0x8002    	SJMP L__Lcd_Cmd25
L__Lcd_Cmd24:
0x004F	0x7801    	MOV R0, #1
L__Lcd_Cmd25:
0x0051	0xE8      	MOV A, R0
0x0052	0x13      	RRC A
0x0053	0x92B7    	MOV LCD_D7, C
;__Lib_Lcd.c,15 :: 		
0x0055	0xE518    	MOV A, FARG_Lcd_Cmd_out_char
0x0057	0x5440    	ANL A, #64
0x0059	0xF8      	MOV R0, A
0x005A	0x630040  	XRL R0, #64
0x005D	0xE8      	MOV A, R0
0x005E	0x6004    	JZ L__Lcd_Cmd26
0x0060	0x7800    	MOV R0, #0
0x0062	0x8002    	SJMP L__Lcd_Cmd27
L__Lcd_Cmd26:
0x0064	0x7801    	MOV R0, #1
L__Lcd_Cmd27:
0x0066	0xE8      	MOV A, R0
0x0067	0x13      	RRC A
0x0068	0x92B6    	MOV LCD_D6, C
;__Lib_Lcd.c,16 :: 		
0x006A	0xE518    	MOV A, FARG_Lcd_Cmd_out_char
0x006C	0x5420    	ANL A, #32
0x006E	0xF8      	MOV R0, A
0x006F	0x630020  	XRL R0, #32
0x0072	0xE8      	MOV A, R0
0x0073	0x6004    	JZ L__Lcd_Cmd28
0x0075	0x7800    	MOV R0, #0
0x0077	0x8002    	SJMP L__Lcd_Cmd29
L__Lcd_Cmd28:
0x0079	0x7801    	MOV R0, #1
L__Lcd_Cmd29:
0x007B	0xE8      	MOV A, R0
0x007C	0x13      	RRC A
0x007D	0x92B5    	MOV LCD_D5, C
;__Lib_Lcd.c,17 :: 		
0x007F	0xE518    	MOV A, FARG_Lcd_Cmd_out_char
0x0081	0x5410    	ANL A, #16
0x0083	0xF8      	MOV R0, A
0x0084	0x630010  	XRL R0, #16
0x0087	0xE8      	MOV A, R0
0x0088	0x6004    	JZ L__Lcd_Cmd30
0x008A	0x7800    	MOV R0, #0
0x008C	0x8002    	SJMP L__Lcd_Cmd31
L__Lcd_Cmd30:
0x008E	0x7801    	MOV R0, #1
L__Lcd_Cmd31:
0x0090	0xE8      	MOV A, R0
0x0091	0x13      	RRC A
0x0092	0x92B4    	MOV LCD_D4, C
;__Lib_Lcd.c,19 :: 		
0x0094	0xE511    	MOV A, _cmd_status
0x0096	0x6004    	JZ L_Lcd_Cmd0
0x0098	0x7800    	MOV R0, #0
0x009A	0x8002    	SJMP L_Lcd_Cmd1
L_Lcd_Cmd0:
0x009C	0x7801    	MOV R0, #1
L_Lcd_Cmd1:
0x009E	0xE8      	MOV A, R0
0x009F	0x13      	RRC A
0x00A0	0x9284    	MOV LCD_RS, C
;__Lib_Lcd.c,21 :: 		
0x00A2	0xD286    	SETB LCD_EN
;__Lib_Lcd.c,22 :: 		
0x00A4	0x1138    	ACALL _Delay_1us
;__Lib_Lcd.c,23 :: 		
0x00A6	0xC286    	CLR LCD_EN
;__Lib_Lcd.c,25 :: 		
0x00A8	0xE518    	MOV A, FARG_Lcd_Cmd_out_char
0x00AA	0x5408    	ANL A, #8
0x00AC	0xF8      	MOV R0, A
0x00AD	0x630008  	XRL R0, #8
0x00B0	0xE8      	MOV A, R0
0x00B1	0x6004    	JZ L__Lcd_Cmd32
0x00B3	0x7800    	MOV R0, #0
0x00B5	0x8002    	SJMP L__Lcd_Cmd33
L__Lcd_Cmd32:
0x00B7	0x7801    	MOV R0, #1
L__Lcd_Cmd33:
0x00B9	0xE8      	MOV A, R0
0x00BA	0x13      	RRC A
0x00BB	0x92B7    	MOV LCD_D7, C
;__Lib_Lcd.c,26 :: 		
0x00BD	0xE518    	MOV A, FARG_Lcd_Cmd_out_char
0x00BF	0x5404    	ANL A, #4
0x00C1	0xF8      	MOV R0, A
0x00C2	0x630004  	XRL R0, #4
0x00C5	0xE8      	MOV A, R0
0x00C6	0x6004    	JZ L__Lcd_Cmd34
0x00C8	0x7800    	MOV R0, #0
0x00CA	0x8002    	SJMP L__Lcd_Cmd35
L__Lcd_Cmd34:
0x00CC	0x7801    	MOV R0, #1
L__Lcd_Cmd35:
0x00CE	0xE8      	MOV A, R0
0x00CF	0x13      	RRC A
0x00D0	0x92B6    	MOV LCD_D6, C
;__Lib_Lcd.c,27 :: 		
0x00D2	0xE518    	MOV A, FARG_Lcd_Cmd_out_char
0x00D4	0x5402    	ANL A, #2
0x00D6	0xF8      	MOV R0, A
0x00D7	0x630002  	XRL R0, #2
0x00DA	0xE8      	MOV A, R0
0x00DB	0x6004    	JZ L__Lcd_Cmd36
0x00DD	0x7800    	MOV R0, #0
0x00DF	0x8002    	SJMP L__Lcd_Cmd37
L__Lcd_Cmd36:
0x00E1	0x7801    	MOV R0, #1
L__Lcd_Cmd37:
0x00E3	0xE8      	MOV A, R0
0x00E4	0x13      	RRC A
0x00E5	0x92B5    	MOV LCD_D5, C
;__Lib_Lcd.c,28 :: 		
0x00E7	0xE518    	MOV A, FARG_Lcd_Cmd_out_char
0x00E9	0x5401    	ANL A, #1
0x00EB	0xF8      	MOV R0, A
0x00EC	0x630001  	XRL R0, #1
0x00EF	0xE8      	MOV A, R0
0x00F0	0x6004    	JZ L__Lcd_Cmd38
0x00F2	0x7800    	MOV R0, #0
0x00F4	0x8002    	SJMP L__Lcd_Cmd39
L__Lcd_Cmd38:
0x00F6	0x7801    	MOV R0, #1
L__Lcd_Cmd39:
0x00F8	0xE8      	MOV A, R0
0x00F9	0x13      	RRC A
0x00FA	0x92B4    	MOV LCD_D4, C
;__Lib_Lcd.c,30 :: 		
0x00FC	0xE511    	MOV A, _cmd_status
0x00FE	0x6004    	JZ L_Lcd_Cmd2
0x0100	0x7800    	MOV R0, #0
0x0102	0x8002    	SJMP L_Lcd_Cmd3
L_Lcd_Cmd2:
0x0104	0x7801    	MOV R0, #1
L_Lcd_Cmd3:
0x0106	0xE8      	MOV A, R0
0x0107	0x13      	RRC A
0x0108	0x9284    	MOV LCD_RS, C
;__Lib_Lcd.c,32 :: 		
0x010A	0xD286    	SETB LCD_EN
;__Lib_Lcd.c,33 :: 		
0x010C	0x1138    	ACALL _Delay_1us
;__Lib_Lcd.c,34 :: 		
0x010E	0xC286    	CLR LCD_EN
;__Lib_Lcd.c,36 :: 		
0x0110	0xE511    	MOV A, _cmd_status
0x0112	0x6004    	JZ L_Lcd_Cmd4
;__Lib_Lcd.c,37 :: 		
0x0114	0x112E    	ACALL _Delay_5500us
0x0116	0x8002    	SJMP L_Lcd_Cmd5
L_Lcd_Cmd4:
;__Lib_Lcd.c,39 :: 		
0x0118	0x113A    	ACALL _Delay_50us
L_Lcd_Cmd5:
;__Lib_Lcd.c,40 :: 		
0x011A	0x22      	RET
; end of _Lcd_Cmd
_Lcd_Chr:
;__Lib_Lcd.c,57 :: 		
;__Lib_Lcd.c,58 :: 		
0x011B	0x8019    	SJMP L_Lcd_Chr8
;__Lib_Lcd.c,59 :: 		
L_Lcd_Chr10:
0x011D	0x751580  	MOV FARG_Lcd_Chr_row, #128
0x0120	0x802E    	SJMP L_Lcd_Chr9
;__Lib_Lcd.c,60 :: 		
L_Lcd_Chr11:
0x0122	0x7515C0  	MOV FARG_Lcd_Chr_row, #192
0x0125	0x8029    	SJMP L_Lcd_Chr9
;__Lib_Lcd.c,61 :: 		
L_Lcd_Chr12:
0x0127	0x751594  	MOV FARG_Lcd_Chr_row, #148
0x012A	0x8024    	SJMP L_Lcd_Chr9
;__Lib_Lcd.c,62 :: 		
L_Lcd_Chr13:
0x012C	0x7515D4  	MOV FARG_Lcd_Chr_row, #212
0x012F	0x801F    	SJMP L_Lcd_Chr9
;__Lib_Lcd.c,63 :: 		
L_Lcd_Chr14:
0x0131	0x751580  	MOV FARG_Lcd_Chr_row, #128
;__Lib_Lcd.c,64 :: 		
0x0134	0x801A    	SJMP L_Lcd_Chr9
L_Lcd_Chr8:
0x0136	0xE515    	MOV A, FARG_Lcd_Chr_row
0x0138	0x6401    	XRL A, #1
0x013A	0x60E1    	JZ L_Lcd_Chr10
0x013C	0xE515    	MOV A, FARG_Lcd_Chr_row
0x013E	0x6402    	XRL A, #2
0x0140	0x60E0    	JZ L_Lcd_Chr11
0x0142	0xE515    	MOV A, FARG_Lcd_Chr_row
0x0144	0x6403    	XRL A, #3
0x0146	0x60DF    	JZ L_Lcd_Chr12
0x0148	0xE515    	MOV A, FARG_Lcd_Chr_row
0x014A	0x6404    	XRL A, #4
0x014C	0x60DE    	JZ L_Lcd_Chr13
0x014E	0x80E1    	SJMP L_Lcd_Chr14
L_Lcd_Chr9:
;__Lib_Lcd.c,66 :: 		
0x0150	0xC3      	CLR C
0x0151	0xE516    	MOV A, FARG_Lcd_Chr_column
0x0153	0x9401    	SUBB A, #1
0x0155	0xF8      	MOV R0, A
0x0156	0xE515    	MOV A, FARG_Lcd_Chr_row
0x0158	0x28      	ADD A, R0
0x0159	0xF8      	MOV R0, A
0x015A	0x850015  	MOV FARG_Lcd_Chr_row, 0
;__Lib_Lcd.c,68 :: 		
0x015D	0x751101  	MOV _cmd_status, #1
;__Lib_Lcd.c,69 :: 		
0x0160	0x850018  	MOV FARG_Lcd_Cmd_out_char, 0
0x0163	0x1140    	ACALL _Lcd_Cmd
;__Lib_Lcd.c,71 :: 		
0x0165	0x751100  	MOV _cmd_status, #0
;__Lib_Lcd.c,72 :: 		
0x0168	0x851718  	MOV FARG_Lcd_Cmd_out_char, FARG_Lcd_Chr_out_char+0
0x016B	0x1140    	ACALL _Lcd_Cmd
;__Lib_Lcd.c,73 :: 		
0x016D	0x751101  	MOV _cmd_status, #1
;__Lib_Lcd.c,74 :: 		
0x0170	0x22      	RET
; end of _Lcd_Chr
___CC2D:
;__Lib_System.c,13 :: 		
;__Lib_System.c,15 :: 		
_CC2D_Loop1:
;__Lib_System.c,16 :: 		
0x0171	0xE4      	CLR A
;__Lib_System.c,17 :: 		
0x0172	0x93      	MOVC A, @A+DPTR
;__Lib_System.c,18 :: 		
0x0173	0xF6      	MOV @R0, A
;__Lib_System.c,19 :: 		
0x0174	0x08      	INC R0
;__Lib_System.c,20 :: 		
0x0175	0xA3      	INC DPTR
;__Lib_System.c,21 :: 		
0x0176	0xD9F9    	DJNZ R1, _CC2D_Loop1
;__Lib_System.c,23 :: 		
0x0178	0x22      	RET
; end of ___CC2D
_UART1_Write:
;__Lib_UART_Timer1.c,27 :: 		
;__Lib_UART_Timer1.c,28 :: 		
0x0179	0xC299    	CLR SCON.B1
;__Lib_UART_Timer1.c,29 :: 		
0x017B	0x851599  	MOV SBUF, FARG_UART1_Write_data_+0
;__Lib_UART_Timer1.c,30 :: 		
L_UART1_Write0:
0x017E	0x209902  	JB SCON.B1, L_UART1_Write1
;__Lib_UART_Timer1.c,31 :: 		
0x0181	0x80FB    	SJMP L_UART1_Write0
L_UART1_Write1:
;__Lib_UART_Timer1.c,32 :: 		
0x0183	0xC299    	CLR SCON.B1
;__Lib_UART_Timer1.c,33 :: 		
0x0185	0x22      	RET
; end of _UART1_Write
_Lcd_Init:
;__Lib_Lcd.c,76 :: 		
;__Lib_Lcd.c,78 :: 		
0x0186	0xC286    	CLR LCD_EN
;__Lib_Lcd.c,80 :: 		
0x0188	0xC284    	CLR LCD_RS
;__Lib_Lcd.c,83 :: 		
0x018A	0x112E    	ACALL _Delay_5500us
;__Lib_Lcd.c,84 :: 		
0x018C	0x112E    	ACALL _Delay_5500us
;__Lib_Lcd.c,85 :: 		
0x018E	0x112E    	ACALL _Delay_5500us
;__Lib_Lcd.c,87 :: 		
0x0190	0xC2B7    	CLR LCD_D7
;__Lib_Lcd.c,88 :: 		
0x0192	0xC2B6    	CLR LCD_D6
;__Lib_Lcd.c,89 :: 		
0x0194	0xC2B5    	CLR LCD_D5
;__Lib_Lcd.c,90 :: 		
0x0196	0xC2B4    	CLR LCD_D4
;__Lib_Lcd.c,93 :: 		
0x0198	0xD2B5    	SETB LCD_D5
;__Lib_Lcd.c,94 :: 		
0x019A	0xD2B4    	SETB LCD_D4
;__Lib_Lcd.c,95 :: 		
0x019C	0xD286    	SETB LCD_EN
;__Lib_Lcd.c,96 :: 		
0x019E	0x1138    	ACALL _Delay_1us
;__Lib_Lcd.c,97 :: 		
0x01A0	0xC286    	CLR LCD_EN
;__Lib_Lcd.c,98 :: 		
0x01A2	0x112E    	ACALL _Delay_5500us
;__Lib_Lcd.c,100 :: 		
0x01A4	0xD286    	SETB LCD_EN
;__Lib_Lcd.c,101 :: 		
0x01A6	0x1138    	ACALL _Delay_1us
;__Lib_Lcd.c,102 :: 		
0x01A8	0xC286    	CLR LCD_EN
;__Lib_Lcd.c,103 :: 		
0x01AA	0x112E    	ACALL _Delay_5500us
;__Lib_Lcd.c,105 :: 		
0x01AC	0xD286    	SETB LCD_EN
;__Lib_Lcd.c,106 :: 		
0x01AE	0x1138    	ACALL _Delay_1us
;__Lib_Lcd.c,107 :: 		
0x01B0	0xC286    	CLR LCD_EN
;__Lib_Lcd.c,108 :: 		
0x01B2	0x112E    	ACALL _Delay_5500us
;__Lib_Lcd.c,111 :: 		
0x01B4	0xD2B5    	SETB LCD_D5
;__Lib_Lcd.c,112 :: 		
0x01B6	0xC2B4    	CLR LCD_D4
;__Lib_Lcd.c,113 :: 		
0x01B8	0xD286    	SETB LCD_EN
;__Lib_Lcd.c,114 :: 		
0x01BA	0x1138    	ACALL _Delay_1us
;__Lib_Lcd.c,115 :: 		
0x01BC	0xC286    	CLR LCD_EN
;__Lib_Lcd.c,116 :: 		
0x01BE	0x112E    	ACALL _Delay_5500us
;__Lib_Lcd.c,119 :: 		
0x01C0	0xC2B7    	CLR LCD_D7
;__Lib_Lcd.c,120 :: 		
0x01C2	0xC2B6    	CLR LCD_D6
;__Lib_Lcd.c,121 :: 		
0x01C4	0xC2B5    	CLR LCD_D5
;__Lib_Lcd.c,122 :: 		
0x01C6	0xD2B5    	SETB LCD_D5
;__Lib_Lcd.c,123 :: 		
0x01C8	0xC2B4    	CLR LCD_D4
;__Lib_Lcd.c,124 :: 		
0x01CA	0xD286    	SETB LCD_EN
;__Lib_Lcd.c,125 :: 		
0x01CC	0x1138    	ACALL _Delay_1us
;__Lib_Lcd.c,126 :: 		
0x01CE	0xC286    	CLR LCD_EN
;__Lib_Lcd.c,127 :: 		
0x01D0	0xC2B5    	CLR LCD_D5
;__Lib_Lcd.c,128 :: 		
0x01D2	0xD2B7    	SETB LCD_D7
;__Lib_Lcd.c,129 :: 		
0x01D4	0xD286    	SETB LCD_EN
;__Lib_Lcd.c,130 :: 		
0x01D6	0x1138    	ACALL _Delay_1us
;__Lib_Lcd.c,131 :: 		
0x01D8	0xC286    	CLR LCD_EN
;__Lib_Lcd.c,132 :: 		
0x01DA	0x112E    	ACALL _Delay_5500us
;__Lib_Lcd.c,135 :: 		
0x01DC	0xC2B7    	CLR LCD_D7
;__Lib_Lcd.c,136 :: 		
0x01DE	0xD2B4    	SETB LCD_D4
;__Lib_Lcd.c,137 :: 		
0x01E0	0xD286    	SETB LCD_EN
;__Lib_Lcd.c,138 :: 		
0x01E2	0x1138    	ACALL _Delay_1us
;__Lib_Lcd.c,139 :: 		
0x01E4	0xC286    	CLR LCD_EN
;__Lib_Lcd.c,140 :: 		
0x01E6	0xC2B4    	CLR LCD_D4
;__Lib_Lcd.c,141 :: 		
0x01E8	0xD286    	SETB LCD_EN
;__Lib_Lcd.c,142 :: 		
0x01EA	0x1138    	ACALL _Delay_1us
;__Lib_Lcd.c,143 :: 		
0x01EC	0xC286    	CLR LCD_EN
;__Lib_Lcd.c,144 :: 		
0x01EE	0x112E    	ACALL _Delay_5500us
;__Lib_Lcd.c,147 :: 		
0x01F0	0xC2B4    	CLR LCD_D4
;__Lib_Lcd.c,148 :: 		
0x01F2	0xD286    	SETB LCD_EN
;__Lib_Lcd.c,149 :: 		
0x01F4	0x1138    	ACALL _Delay_1us
;__Lib_Lcd.c,150 :: 		
0x01F6	0xC286    	CLR LCD_EN
;__Lib_Lcd.c,151 :: 		
0x01F8	0xD2B4    	SETB LCD_D4
;__Lib_Lcd.c,152 :: 		
0x01FA	0xD286    	SETB LCD_EN
;__Lib_Lcd.c,153 :: 		
0x01FC	0x1138    	ACALL _Delay_1us
;__Lib_Lcd.c,154 :: 		
0x01FE	0xC286    	CLR LCD_EN
;__Lib_Lcd.c,155 :: 		
0x0200	0x112E    	ACALL _Delay_5500us
;__Lib_Lcd.c,158 :: 		
0x0202	0xC2B4    	CLR LCD_D4
;__Lib_Lcd.c,159 :: 		
0x0204	0xD286    	SETB LCD_EN
;__Lib_Lcd.c,160 :: 		
0x0206	0x1138    	ACALL _Delay_1us
;__Lib_Lcd.c,161 :: 		
0x0208	0xC286    	CLR LCD_EN
;__Lib_Lcd.c,163 :: 		
0x020A	0xD2B7    	SETB LCD_D7
;__Lib_Lcd.c,164 :: 		
0x020C	0xD2B6    	SETB LCD_D6
;__Lib_Lcd.c,165 :: 		
0x020E	0xD2B5    	SETB LCD_D5
;__Lib_Lcd.c,166 :: 		
0x0210	0xD2B4    	SETB LCD_D4
;__Lib_Lcd.c,167 :: 		
0x0212	0xD286    	SETB LCD_EN
;__Lib_Lcd.c,168 :: 		
0x0214	0x1138    	ACALL _Delay_1us
;__Lib_Lcd.c,169 :: 		
0x0216	0xC286    	CLR LCD_EN
;__Lib_Lcd.c,171 :: 		
0x0218	0x112E    	ACALL _Delay_5500us
;__Lib_Lcd.c,173 :: 		
0x021A	0x751101  	MOV _cmd_status, #1
;__Lib_Lcd.c,174 :: 		
0x021D	0x22      	RET
; end of _Lcd_Init
_var_preset:
;Lcd.c,36 :: 		void var_preset(){
;Lcd.c,38 :: 		cur_col = 1; // Настроить курсор столбцов
0x021E	0x750E01  	MOV _cur_col, #1
;Lcd.c,39 :: 		cur_row = 1; // Настроить курсор строк
0x0221	0x750F01  	MOV _cur_row, #1
;Lcd.c,40 :: 		}
0x0224	0x22      	RET
; end of _var_preset
_UART1_Init:
;__Lib_UART_Timer1.c,15 :: 		
;__Lib_UART_Timer1.c,16 :: 		
0x0225	0x750879  	MOV _UART_Wr_Ptr, lo_addr(_UART1_Write)
0x0228	0x750901  	MOV _UART_Wr_Ptr+1, hi_addr(_UART1_Write)
0x022B	0x750A15  	MOV _UART_Wr_Ptr+2, lo_addr(FARG_UART1_Write_data_)
;__Lib_UART_Timer1.c,17 :: 		
0x022E	0x750B4D  	MOV _UART_Rd_Ptr, lo_addr(_UART1_Read)
0x0231	0x750C02  	MOV _UART_Rd_Ptr+1, hi_addr(_UART1_Read)
0x0234	0x750D00  	MOV _UART_Rd_Ptr+2, 0
;__Lib_UART_Timer1.c,18 :: 		
0x0237	0x751252  	MOV _UART_Rdy_Ptr, lo_addr(_UART1_Data_Ready)
0x023A	0x751302  	MOV _UART_Rdy_Ptr+1, hi_addr(_UART1_Data_Ready)
0x023D	0x751400  	MOV _UART_Rdy_Ptr+2, 0
;__Lib_UART_Timer1.c,21 :: 		
0x0240	0x759850  	MOV SCON, #80
;__Lib_UART_Timer1.c,22 :: 		
0x0243	0x758780  	MOV PCON, #128
;__Lib_UART_Timer1.c,23 :: 		
0x0246	0x758840  	MOV TCON, #64
;__Lib_UART_Timer1.c,24 :: 		
0x0249	0x758920  	MOV TMOD, #32
;__Lib_UART_Timer1.c,25 :: 		
0x024C	0x22      	RET
; end of _UART1_Init
_UART1_Read:
;__Lib_UART_Timer1.c,39 :: 		
;__Lib_UART_Timer1.c,40 :: 		
0x024D	0xC298    	CLR SCON.B0
;__Lib_UART_Timer1.c,41 :: 		
0x024F	0xA899    	MOV R0, SBUF
;__Lib_UART_Timer1.c,42 :: 		
0x0251	0x22      	RET
; end of _UART1_Read
_UART1_Data_Ready:
;__Lib_UART_Timer1.c,35 :: 		
;__Lib_UART_Timer1.c,36 :: 		
0x0252	0xA298    	MOV C, SCON.B0
0x0254	0xE4      	CLR A
0x0255	0x33      	RLC A
0x0256	0xF8      	MOV R0, A
;__Lib_UART_Timer1.c,37 :: 		
0x0257	0x22      	RET
; end of _UART1_Data_Ready
_main:
0x0258	0x758180  	MOV SP, #128
;Lcd.c,48 :: 		void main(){
;Lcd.c,49 :: 		var_preset(); // свои переменные
0x025B	0x511E    	ACALL _var_preset
;Lcd.c,52 :: 		Lcd_Init();
0x025D	0x3186    	ACALL _Lcd_Init
;Lcd.c,53 :: 		Lcd_Cmd(_LCD_CLEAR);
0x025F	0x751801  	MOV FARG_Lcd_Cmd_out_char, #1
0x0262	0x1140    	ACALL _Lcd_Cmd
;Lcd.c,54 :: 		Lcd_Cmd(_LCD_UNDERLINE_ON);
0x0264	0x75180E  	MOV FARG_Lcd_Cmd_out_char, #14
0x0267	0x1140    	ACALL _Lcd_Cmd
;Lcd.c,55 :: 		Lcd_Cmd(_LCD_BLINK_CURSOR_ON);
0x0269	0x75180F  	MOV FARG_Lcd_Cmd_out_char, #15
0x026C	0x1140    	ACALL _Lcd_Cmd
;Lcd.c,59 :: 		UART1_Init(4800); // Установить Baud rate 4800
0x026E	0x438780  	ORL PCON, #128
0x0271	0x758DF5  	MOV TH1, #245
0x0274	0x758BF5  	MOV TL1, #245
0x0277	0x5125    	ACALL _UART1_Init
;Lcd.c,60 :: 		Delay_ms(500); // Wait for UART module to stabilize
0x0279	0x7D04    	MOV R5, 4
0x027B	0x7E2B    	MOV R6, 43
0x027D	0x7F9D    	MOV R7, 157
0x027F	0xDFFE    	DJNZ R7, PC-2
0x0281	0xDEFC    	DJNZ R6, PC-4
0x0283	0xDDFA    	DJNZ R5, PC-6
;Lcd.c,63 :: 		while (1) {
L_main0:
;Lcd.c,64 :: 		if (UART1_Data_Ready()){
0x0285	0x5152    	ACALL _UART1_Data_Ready
0x0287	0xE8      	MOV A, R0
0x0288	0x7002    	JNZ #2
0x028A	0x8128    	AJMP L_main2
;Lcd.c,65 :: 		uart_rd = UART1_Read(); // Прочитать полученное
0x028C	0x514D    	ACALL _UART1_Read
0x028E	0x850010  	MOV _uart_rd, 0
;Lcd.c,80 :: 		if (32 <= uart_rd && uart_rd <= 122){
0x0291	0xD3      	SETB C
0x0292	0x7420    	MOV A, #32
0x0294	0x98      	SUBB A, R0
0x0295	0x504A    	JNC L_main5
0x0297	0xD3      	SETB C
0x0298	0xE510    	MOV A, _uart_rd
0x029A	0x947A    	SUBB A, #122
0x029C	0x5043    	JNC L_main5
L__main33:
;Lcd.c,81 :: 		UART1_Write(uart_rd);                                        // Уведомить QT
0x029E	0x851015  	MOV FARG_UART1_Write_data_, _uart_rd+0
0x02A1	0x3179    	ACALL _UART1_Write
;Lcd.c,82 :: 		if (cur_col < (LASTCOL_LCD + 1)){                                                // В строке ещё есть место
0x02A3	0xC3      	CLR C
0x02A4	0x7411    	MOV A, #17
0x02A6	0x6480    	XRL A, #128
0x02A8	0xF8      	MOV R0, A
0x02A9	0xE50E    	MOV A, _cur_col
0x02AB	0x6480    	XRL A, #128
0x02AD	0x98      	SUBB A, R0
0x02AE	0x5031    	JNC L_main6
;Lcd.c,83 :: 		LCD_Chr(cur_row,cur_col,uart_rd);        // Напечатать символ
0x02B0	0x850F15  	MOV FARG_Lcd_Chr_row, _cur_row+0
0x02B3	0x850E16  	MOV FARG_Lcd_Chr_column, _cur_col+0
0x02B6	0x851017  	MOV FARG_Lcd_Chr_out_char, _uart_rd+0
0x02B9	0x311B    	ACALL _Lcd_Chr
;Lcd.c,85 :: 		cur_col+=1;                                                        // Обновить позицию (столбец) курсора
0x02BB	0x050E    	INC _cur_col
;Lcd.c,86 :: 		if (cur_col >= (LASTCOL_LCD + 1)){        // Если это был последний столбец, перенос строки
0x02BD	0xC3      	CLR C
0x02BE	0x7411    	MOV A, #17
0x02C0	0x6480    	XRL A, #128
0x02C2	0xF8      	MOV R0, A
0x02C3	0xE50E    	MOV A, _cur_col
0x02C5	0x6480    	XRL A, #128
0x02C7	0x98      	SUBB A, R0
0x02C8	0x4017    	JC L_main7
;Lcd.c,87 :: 		if (cur_row >= LASTROW_LCD) cur_col = LASTCOL_LCD; // Последний столбец и последний символ - оставить курсор на месте
0x02CA	0xC3      	CLR C
0x02CB	0x7410    	MOV A, #16
0x02CD	0x6480    	XRL A, #128
0x02CF	0xF8      	MOV R0, A
0x02D0	0xE50F    	MOV A, _cur_row
0x02D2	0x6480    	XRL A, #128
0x02D4	0x98      	SUBB A, R0
0x02D5	0x4005    	JC L_main8
0x02D7	0x750E10  	MOV _cur_col, #16
0x02DA	0x8005    	SJMP L_main9
L_main8:
;Lcd.c,89 :: 		cur_col = 1;
0x02DC	0x750E01  	MOV _cur_col, #1
;Lcd.c,90 :: 		cur_row+= 1;
0x02DF	0x050F    	INC _cur_row
;Lcd.c,91 :: 		}
L_main9:
;Lcd.c,92 :: 		}
L_main7:
;Lcd.c,93 :: 		}
L_main6:
;Lcd.c,108 :: 		}
L_main5:
;Lcd.c,115 :: 		if (uart_rd == KEY_ENTER){
0x02E1	0xE510    	MOV A, _uart_rd
0x02E3	0x640D    	XRL A, #13
0x02E5	0x701D    	JNZ L_main10
;Lcd.c,116 :: 		UART1_Write(KEY_ENTER);                                                // Уведомить QT
0x02E7	0x75150D  	MOV FARG_UART1_Write_data_, #13
0x02EA	0x3179    	ACALL _UART1_Write
;Lcd.c,117 :: 		if (cur_row < LASTROW_LCD){                                                // Если переход возможен (==количество строк позволяет)
0x02EC	0xC3      	CLR C
0x02ED	0x7410    	MOV A, #16
0x02EF	0x6480    	XRL A, #128
0x02F1	0xF8      	MOV R0, A
0x02F2	0xE50F    	MOV A, _cur_row
0x02F4	0x6480    	XRL A, #128
0x02F6	0x98      	SUBB A, R0
0x02F7	0x500B    	JNC L_main11
;Lcd.c,118 :: 		cur_row +=1;                                                // Поменять строку
0x02F9	0x050F    	INC _cur_row
;Lcd.c,119 :: 		if (cur_col != 1) cur_col = 1;                 // Переместить курсор на 1й символ, если он был на первом символе
0x02FB	0xE50E    	MOV A, _cur_col
0x02FD	0x6401    	XRL A, #1
0x02FF	0x6003    	JZ L_main12
0x0301	0x750E01  	MOV _cur_col, #1
L_main12:
;Lcd.c,120 :: 		}
L_main11:
;Lcd.c,121 :: 		}
L_main10:
;Lcd.c,124 :: 		if (uart_rd == KEY_BACKSPACE){
0x0304	0xE510    	MOV A, _uart_rd
0x0306	0x6408    	XRL A, #8
0x0308	0x7043    	JNZ L_main13
;Lcd.c,125 :: 		UART1_Write(KEY_BACKSPACE);                                                        // Уведомить QT
0x030A	0x751508  	MOV FARG_UART1_Write_data_, #8
0x030D	0x3179    	ACALL _UART1_Write
;Lcd.c,126 :: 		if (cur_col > 1){                                                // Если символ не первый в строке, удалить предыдуший курсору символ и оставить курсор там
0x030F	0xD3      	SETB C
0x0310	0x7401    	MOV A, #1
0x0312	0x6480    	XRL A, #128
0x0314	0xF8      	MOV R0, A
0x0315	0xE50E    	MOV A, _cur_col
0x0317	0x6480    	XRL A, #128
0x0319	0x98      	SUBB A, R0
0x031A	0x400F    	JC L_main14
;Lcd.c,127 :: 		cur_col-=1;                                                        // Вернуть курсор назад
0x031C	0x150E    	DEC _cur_col
;Lcd.c,128 :: 		LCD_Chr(cur_row,cur_col,KEY_EMPTY);                // Удалить символ
0x031E	0x850F15  	MOV FARG_Lcd_Chr_row, _cur_row+0
0x0321	0x850E16  	MOV FARG_Lcd_Chr_column, _cur_col+0
0x0324	0x751700  	MOV FARG_Lcd_Chr_out_char, #0
0x0327	0x311B    	ACALL _Lcd_Chr
;Lcd.c,130 :: 		}
0x0329	0x8022    	SJMP L_main15
L_main14:
;Lcd.c,132 :: 		if (cur_row > 1){                                          // Курсор НЕ на 1й строке, иначе игнорируем
0x032B	0xD3      	SETB C
0x032C	0x7401    	MOV A, #1
0x032E	0x6480    	XRL A, #128
0x0330	0xF8      	MOV R0, A
0x0331	0xE50F    	MOV A, _cur_row
0x0333	0x6480    	XRL A, #128
0x0335	0x98      	SUBB A, R0
0x0336	0x4015    	JC L_main16
;Lcd.c,133 :: 		cur_row -=1;                                        // Временно изменить строку
0x0338	0x150F    	DEC _cur_row
;Lcd.c,134 :: 		cur_col = LASTCOL_LCD;                                        // Временно изменить столбец
0x033A	0x750E10  	MOV _cur_col, #16
;Lcd.c,135 :: 		LCD_Chr(cur_row,cur_col,KEY_EMPTY);        // Удалить символ
0x033D	0x850F15  	MOV FARG_Lcd_Chr_row, _cur_row+0
0x0340	0x751610  	MOV FARG_Lcd_Chr_column, #16
0x0343	0x751700  	MOV FARG_Lcd_Chr_out_char, #0
0x0346	0x311B    	ACALL _Lcd_Chr
;Lcd.c,137 :: 		cur_col = 1;                                        // Вернуть столбец в изначальное положение
0x0348	0x750E01  	MOV _cur_col, #1
;Lcd.c,138 :: 		cur_row +=1;                                        // Вернуть строку в изначальное положение
0x034B	0x050F    	INC _cur_row
;Lcd.c,139 :: 		}
L_main16:
;Lcd.c,140 :: 		}
L_main15:
;Lcd.c,142 :: 		}
L_main13:
;Lcd.c,145 :: 		if (uart_rd == KEY_DELETE){
0x034D	0xE510    	MOV A, _uart_rd
0x034F	0x647F    	XRL A, #127
0x0351	0x7045    	JNZ L_main17
;Lcd.c,146 :: 		UART1_Write(KEY_DELETE);                                                  // Уведомить QT
0x0353	0x75157F  	MOV FARG_UART1_Write_data_, #127
0x0356	0x3179    	ACALL _UART1_Write
;Lcd.c,147 :: 		if (cur_col < LASTCOL_LCD){                                                   // Если символ не последний в строке, удалить последующий символ после курсора
0x0358	0xC3      	CLR C
0x0359	0x7410    	MOV A, #16
0x035B	0x6480    	XRL A, #128
0x035D	0xF8      	MOV R0, A
0x035E	0xE50E    	MOV A, _cur_col
0x0360	0x6480    	XRL A, #128
0x0362	0x98      	SUBB A, R0
0x0363	0x5011    	JNC L_main18
;Lcd.c,148 :: 		cur_col+=1;                                                          // Временно изменить столбец
0x0365	0x050E    	INC _cur_col
;Lcd.c,149 :: 		LCD_Chr(cur_row,cur_col,KEY_EMPTY);                  // Удалить символ
0x0367	0x850F15  	MOV FARG_Lcd_Chr_row, _cur_row+0
0x036A	0x850E16  	MOV FARG_Lcd_Chr_column, _cur_col+0
0x036D	0x751700  	MOV FARG_Lcd_Chr_out_char, #0
0x0370	0x311B    	ACALL _Lcd_Chr
;Lcd.c,151 :: 		cur_col-=1;                                                          // Вернуть столбец в изначальное положение
0x0372	0x150E    	DEC _cur_col
;Lcd.c,152 :: 		}
0x0374	0x8022    	SJMP L_main19
L_main18:
;Lcd.c,154 :: 		if (cur_row < LASTROW_LCD){                                          // Курсор НЕ на 16й строке, иначе игнорируем
0x0376	0xC3      	CLR C
0x0377	0x7410    	MOV A, #16
0x0379	0x6480    	XRL A, #128
0x037B	0xF8      	MOV R0, A
0x037C	0xE50F    	MOV A, _cur_row
0x037E	0x6480    	XRL A, #128
0x0380	0x98      	SUBB A, R0
0x0381	0x5015    	JNC L_main20
;Lcd.c,155 :: 		cur_row +=1;                                        // Временно изменить строку
0x0383	0x050F    	INC _cur_row
;Lcd.c,156 :: 		cur_col = 1;                                        // Временно изменить столбец
0x0385	0x750E01  	MOV _cur_col, #1
;Lcd.c,157 :: 		LCD_Chr(cur_row,cur_col,KEY_EMPTY);        // Удалить символ
0x0388	0x850F15  	MOV FARG_Lcd_Chr_row, _cur_row+0
0x038B	0x751601  	MOV FARG_Lcd_Chr_column, #1
0x038E	0x751700  	MOV FARG_Lcd_Chr_out_char, #0
0x0391	0x311B    	ACALL _Lcd_Chr
;Lcd.c,159 :: 		cur_col = LASTCOL_LCD;                                        // Вернуть столбец в изначальное положение
0x0393	0x750E10  	MOV _cur_col, #16
;Lcd.c,160 :: 		cur_row -=1;                                        // Вернуть строку в изначальное положение
0x0396	0x150F    	DEC _cur_row
;Lcd.c,161 :: 		}
L_main20:
;Lcd.c,162 :: 		}
L_main19:
;Lcd.c,163 :: 		}
L_main17:
;Lcd.c,170 :: 		if (uart_rd == KEY_ARROWUP){
0x0398	0xE510    	MOV A, _uart_rd
0x039A	0x6418    	XRL A, #24
0x039C	0x7014    	JNZ L_main21
;Lcd.c,171 :: 		UART1_Write(KEY_ARROWUP);                                                  // Уведомить QT
0x039E	0x751518  	MOV FARG_UART1_Write_data_, #24
0x03A1	0x3179    	ACALL _UART1_Write
;Lcd.c,172 :: 		if(cur_row > 1) {cur_row-=1;}                         // Если текущий ряд не самый первый, то подняться на 1 строку
0x03A3	0xD3      	SETB C
0x03A4	0x7401    	MOV A, #1
0x03A6	0x6480    	XRL A, #128
0x03A8	0xF8      	MOV R0, A
0x03A9	0xE50F    	MOV A, _cur_row
0x03AB	0x6480    	XRL A, #128
0x03AD	0x98      	SUBB A, R0
0x03AE	0x4002    	JC L_main22
0x03B0	0x150F    	DEC _cur_row
L_main22:
;Lcd.c,174 :: 		}
L_main21:
;Lcd.c,177 :: 		if (uart_rd == KEY_ARROWDOWN){
0x03B2	0xE510    	MOV A, _uart_rd
0x03B4	0x6419    	XRL A, #25
0x03B6	0x7014    	JNZ L_main23
;Lcd.c,178 :: 		UART1_Write(KEY_ARROWDOWN);                                                    // Уведомить QT
0x03B8	0x751519  	MOV FARG_UART1_Write_data_, #25
0x03BB	0x3179    	ACALL _UART1_Write
;Lcd.c,179 :: 		if(cur_row < LASTROW_LCD) {cur_row+=1;}                         // Если текущий ряд не самый последний, то опуститься на 1 строку
0x03BD	0xC3      	CLR C
0x03BE	0x7410    	MOV A, #16
0x03C0	0x6480    	XRL A, #128
0x03C2	0xF8      	MOV R0, A
0x03C3	0xE50F    	MOV A, _cur_row
0x03C5	0x6480    	XRL A, #128
0x03C7	0x98      	SUBB A, R0
0x03C8	0x5002    	JNC L_main24
0x03CA	0x050F    	INC _cur_row
L_main24:
;Lcd.c,180 :: 		}
L_main23:
;Lcd.c,183 :: 		if (uart_rd == KEY_ARROWRIGHT){
0x03CC	0xE510    	MOV A, _uart_rd
0x03CE	0x641A    	XRL A, #26
0x03D0	0x7028    	JNZ L_main25
;Lcd.c,184 :: 		UART1_Write(KEY_ARROWRIGHT);                                                // Уведомить QT
0x03D2	0x75151A  	MOV FARG_UART1_Write_data_, #26
0x03D5	0x3179    	ACALL _UART1_Write
;Lcd.c,185 :: 		if (cur_col < LASTCOL_LCD) {cur_col+=1;}                        // Если текущая позиция курсора не на последнем столбце, то смещение вправо на 1
0x03D7	0xC3      	CLR C
0x03D8	0x7410    	MOV A, #16
0x03DA	0x6480    	XRL A, #128
0x03DC	0xF8      	MOV R0, A
0x03DD	0xE50E    	MOV A, _cur_col
0x03DF	0x6480    	XRL A, #128
0x03E1	0x98      	SUBB A, R0
0x03E2	0x5004    	JNC L_main26
0x03E4	0x050E    	INC _cur_col
0x03E6	0x8012    	SJMP L_main27
L_main26:
;Lcd.c,187 :: 		if (cur_row < LASTROW_LCD){                                        // Проверка что ещё есть строки снизу на которые можно перейти. Иначе игнорируем. (else последняя строка;последний символ)
0x03E8	0xC3      	CLR C
0x03E9	0x7410    	MOV A, #16
0x03EB	0x6480    	XRL A, #128
0x03ED	0xF8      	MOV R0, A
0x03EE	0xE50F    	MOV A, _cur_row
0x03F0	0x6480    	XRL A, #128
0x03F2	0x98      	SUBB A, R0
0x03F3	0x5005    	JNC L_main28
;Lcd.c,188 :: 		cur_row+=1;                                                // переход на новую строку
0x03F5	0x050F    	INC _cur_row
;Lcd.c,189 :: 		cur_col=1;                                                // обновить столбец курсора на первый символ
0x03F7	0x750E01  	MOV _cur_col, #1
;Lcd.c,190 :: 		}
L_main28:
;Lcd.c,191 :: 		}
L_main27:
;Lcd.c,193 :: 		}
L_main25:
;Lcd.c,196 :: 		if (uart_rd == KEY_ARROWLEFT){
0x03FA	0xE510    	MOV A, _uart_rd
0x03FC	0x641B    	XRL A, #27
0x03FE	0x7028    	JNZ L_main29
;Lcd.c,197 :: 		UART1_Write(KEY_ARROWLEFT);                                                // Уведомить QT
0x0400	0x75151B  	MOV FARG_UART1_Write_data_, #27
0x0403	0x3179    	ACALL _UART1_Write
;Lcd.c,198 :: 		if (cur_col > 1) {cur_col-=1;}                        // Если текущая позиция курсора не на первом столбце, то смещение влево на 1
0x0405	0xD3      	SETB C
0x0406	0x7401    	MOV A, #1
0x0408	0x6480    	XRL A, #128
0x040A	0xF8      	MOV R0, A
0x040B	0xE50E    	MOV A, _cur_col
0x040D	0x6480    	XRL A, #128
0x040F	0x98      	SUBB A, R0
0x0410	0x4004    	JC L_main30
0x0412	0x150E    	DEC _cur_col
0x0414	0x8012    	SJMP L_main31
L_main30:
;Lcd.c,200 :: 		if (cur_row > 1){                           // Проверка что ещё есть строки сверху на которые можно перейти. Иначе игнорируем. (else первая строка;первый символ)
0x0416	0xD3      	SETB C
0x0417	0x7401    	MOV A, #1
0x0419	0x6480    	XRL A, #128
0x041B	0xF8      	MOV R0, A
0x041C	0xE50F    	MOV A, _cur_row
0x041E	0x6480    	XRL A, #128
0x0420	0x98      	SUBB A, R0
0x0421	0x4005    	JC L_main32
;Lcd.c,201 :: 		cur_row-=1;                                                // переход на новую строку
0x0423	0x150F    	DEC _cur_row
;Lcd.c,202 :: 		cur_col=LASTCOL_LCD;                                                // обновить столбец курсора на последний символ
0x0425	0x750E10  	MOV _cur_col, #16
;Lcd.c,203 :: 		}
L_main32:
;Lcd.c,204 :: 		}
L_main31:
;Lcd.c,205 :: 		}
L_main29:
;Lcd.c,207 :: 		} // if UART1_Data_Ready()
L_main2:
;Lcd.c,208 :: 		} // While
0x0428	0x4185    	AJMP L_main0
;Lcd.c,209 :: 		} // main
0x042A	0x80FE    	SJMP #254
; end of _main
Symbol List:
//** Routines locations **
//ADDRESS    SIZE    PROCEDURE
//----------------------------------------------
0x002E      [10]    _Delay_5500us
0x0038       [2]    _Delay_1us
0x003A       [6]    _Delay_50us
0x0040     [219]    _Lcd_Cmd
0x011B      [86]    _Lcd_Chr
0x0171       [8]    ___CC2D
0x0179      [13]    _UART1_Write
0x0186     [152]    _Lcd_Init
0x021E       [7]    _var_preset
0x0225      [40]    _UART1_Init
0x024D       [5]    _UART1_Read
0x0252       [6]    _UART1_Data_Ready
0x0258     [468]    _main
//** Variables locations ** 
//ADDRESS    SIZE    VARIABLE
//----------------------------------------------
0x0000       [1]    R0
0x0001       [1]    R1
0x0002       [1]    R2
0x0003       [1]    R3
0x0004       [1]    R4
0x0005       [1]    R5
0x0006       [1]    R6
0x0007       [1]    R7
0x0008       [3]    _UART_Wr_Ptr
0x000B       [3]    _UART_Rd_Ptr
0x000E       [1]    _cur_col
0x000F       [1]    _cur_row
0x0010       [1]    _uart_rd
0x0011       [1]    _cmd_status
0x0012       [3]    _UART_Rdy_Ptr
0x0015       [1]    FARG_Lcd_Chr_row
0x0015       [1]    FARG_UART1_Write_data_
0x0016       [1]    FARG_Lcd_Chr_column
0x0017       [1]    FARG_Lcd_Chr_out_char
0x0018       [1]    FARG_Lcd_Cmd_out_char
0x0080       [0]    P0_6_bit
0x0080       [0]    LCD_EN
0x0080       [0]    LCD_RS
0x0080       [0]    P0_4_bit
0x0081       [1]    SP
0x0082       [1]    DPL
0x0083       [1]    DPH
0x0087       [1]    PCON
0x0088       [1]    TCON
0x0089       [1]    TMOD
0x008B       [1]    TL1
0x008D       [1]    TH1
0x0098       [1]    SCON
0x0099       [1]    SBUF
0x00B0       [0]    LCD_D4
0x00B0       [0]    P3_7_bit
0x00B0       [0]    P3_6_bit
0x00B0       [0]    LCD_D7
0x00B0       [0]    LCD_D6
0x00B0       [0]    LCD_D5
0x00B0       [0]    P3_5_bit
0x00B0       [0]    P3_4_bit
0x00D0       [1]    PSW
0x00E0       [1]    ACC
0x00F0       [1]    B
//** Label List: ** 
//----------------------------------------------
  L_main0
  L_main1
  L_main2
  L_main3
  L_main4
  L_main5
  L_main6
  L_main7
  L_main8
  L_main9
  L_main10
  L_main11
  L_main12
  L_main13
  L_main14
  L_main15
  L_main16
  L_main17
  L_main18
  L_main19
  L_main20
  L_main21
  L_main22
  L_main23
  L_main24
  L_main25
  L_main26
  L_main27
  L_main28
  L_main29
  L_main30
  L_main31
  L_main32
  L__main33
  _var_preset
  _temptemp
  L__temptemp34
  L__temptemp35
  _main
  L_Delay_Cyc0
  L_Delay_Cyc1
  L_VDelay_ms2
  L_VDelay_ms3
  L_VDelay_ms4
  L_VDelay_ms5
  _Get_Fosc_kHz
  _Delay_1us
  _Delay_10us
  _Delay_22us
  _Delay_50us
  _Delay_80us
  _Delay_500us
  _Delay_5500us
  _Delay_8ms
  _Delay_10ms
  _Delay_100ms
  _Delay_1sec
  _Delay_Cyc
  _VDelay_ms
  L_Lcd_Cmd0
  L_Lcd_Cmd1
  L_Lcd_Cmd2
  L_Lcd_Cmd3
  L_Lcd_Cmd4
  L_Lcd_Cmd5
  L_LCD_Out_CP6
  L_LCD_Out_CP7
  L_Lcd_Chr8
  L_Lcd_Chr9
  L_Lcd_Chr10
  L_Lcd_Chr11
  L_Lcd_Chr12
  L_Lcd_Chr13
  L_Lcd_Chr14
  L_LCD_Out15
  L_LCD_Out16
  L_LCD_Out17
  L_LCD_Out18
  L_LCD_Out19
  L_LCD_Out20
  L_LCD_Out21
  L_LCD_Out22
  L_LCD_Out23
  _Lcd_Cmd
  L__Lcd_Cmd24
  L__Lcd_Cmd25
  L__Lcd_Cmd26
  L__Lcd_Cmd27
  L__Lcd_Cmd28
  L__Lcd_Cmd29
  L__Lcd_Cmd30
  L__Lcd_Cmd31
  L__Lcd_Cmd32
  L__Lcd_Cmd33
  L__Lcd_Cmd34
  L__Lcd_Cmd35
  L__Lcd_Cmd36
  L__Lcd_Cmd37
  L__Lcd_Cmd38
  L__Lcd_Cmd39
  _Lcd_Chr_CP
  _LCD_Out_CP
  _Lcd_Chr
  _Lcd_Init
  _LCD_Out
  _CC2D_Loop1
  _CC2PD_Loop1
  _CC2XD_Loop1
  ___DoIFC
  ___CC2D
  ___CC2PD
  ___CC2XD
  L_UART1_Write0
  L_UART1_Write1
  L_UART1_Write_Text2
  L_UART1_Write_Text3
  L_UART1_Read_Text4
  L_UART1_Read_Text5
  L_UART1_Read_Text6
  L_UART1_Read_Text7
  L_UART1_Read_Text8
  L_UART1_Read_Text9
  L_UART1_Read_Text10
  L_UART1_Read_Text11
  L_UART1_Read_Text12
  L_UART_Write_Text13
  L_UART_Write_Text14
  L_UART_Read_Text15
  L_UART_Read_Text16
  L_UART_Read_Text17
  L_UART_Read_Text18
  L_UART_Read_Text19
  L_UART_Read_Text20
  L_UART_Read_Text21
  L_UART_Read_Text22
  L_UART_Read_Text23
  _UART1_Init
  _UART1_Write
  _UART1_Data_Ready
  _UART1_Read
  _UART1_Write_Text
  _UART1_Read_Text
  _UART_Set_Active
  _UART_Write
  _UART_Write_Text
  _UART_Read
  _UART_Data_Ready
  _UART_Read_Text
