0	1	mikroc8051.exe -MSF -DBG -pAT89S8253 -ES -DL -O11111114 -fo10 -N"C:\Users\јдминистратор\Desktop\kal\Lcd.mcp51" -SP"C:\Program Files (x86)\MikroElektronika\mikroC PRO for 8051\defs\" -SP"C:\Users\јдминистратор\Desktop\kal\" -SP"C:\Users\Public\Documents\Mikroelektronika\mikroC PRO for 8051\defs\" -SP"C:\Users\Public\Documents\Mikroelektronika\mikroC PRO for 8051\Uses\ATMEL\" -SP"C:\Users\Kadet\Desktop\Ќова€ папка\2€ практика - kal-20230525T103228Z-001\2€ практика - kal\" -SP"C:\Users\јдминистратор\Desktop\serial data received\2€ практика - kal-20230525T103228Z-001\2€ практика - kal\" -SP"C:\Program Files (x86)\MikroElektronika\mikroC PRO for 8051\Uses\ATMEL\" -SP"C:\Program Files (x86)\MikroElectronika\mikroC PRO for 8051\defs\" -SP"C:\Program Files (x86)\MikroElectronika\mikroC PRO for 8051\Examples\ATMEL\Development Systems\Easy8051v6\Lcd\" -SP"C:\Program Files (x86)\MikroElectronika\mikroC PRO for 8051\Uses\ATMEL\" -SP"C:\Program Files (x86)\MikroElectronika\mikroC PRO for 8051\Examples\ATMEL\Development Systems\Easy8051v6\" "Lcd.c" "__Lib_Math.mcl" "__Lib_MathDouble.mcl" "__Lib_System.mcl" "__Lib_Delays.mcl" "__Lib_UART_Timer1.mcl" "__Lib_LcdConsts.mcl" "__Lib_Lcd.mcl"	 
warning: 0	1501	Specified search path does not exist: 'C:\Users\Public\Documents\Mikroelektronika\mikroC PRO for 8051\defs'	 
warning: 0	1501	Specified search path does not exist: 'C:\Users\Public\Documents\Mikroelektronika\mikroC PRO for 8051\Uses\ATMEL'	 
warning: 0	1501	Specified search path does not exist: 'C:\Users\Kadet\Desktop\Ќова	 
0	0		
0	0		
0	0		
warning: 0	1501	Specified search path does not exist: 'C:\Program Files (x86)\MikroElectronika\mikroC PRO for 8051\defs'	 
warning: 0	1501	Specified search path does not exist: 'C:\Program Files (x86)\MikroElectronika\mikroC PRO for 8051\Examples\ATMEL\Development Systems\Easy8051v6\Lcd'	 
warning: 0	1501	Specified search path does not exist: 'C:\Program Files (x86)\MikroElectronika\mikroC PRO for 8051\Uses\ATMEL'	 
warning: 0	1501	Specified search path does not exist: 'C:\Program Files (x86)\MikroElectronika\mikroC PRO for 8051\Examples\ATMEL\Development Systems\Easy8051v6'	 
diagnostics: 0	122	Compilation Started	Lcd.c
warning: 41	1509	Generated baud rate is 4735 bps (error = 1.36 percent)	Lcd.c
diagnostics: 101	123	Compiled Successfully	Lcd.c
diagnostics: 0	127	All files Compiled in 47 ms	 
hint: 0	1144	Used BDATA RAM (bytes): 0 (1%) Free BDATA RAM (bytes): 16 (99%)	Used BDATA RAM (bytes): 0 (1%) Free BDATA RAM (bytes): 16 (99%)
hint: 0	1144	Used DATA RAM (bytes): 17 (16%) Free DATA RAM (bytes): 87 (84%)	Used DATA RAM (bytes): 17 (16%) Free DATA RAM (bytes): 87 (84%)
hint: 0	1144	Used IDATA RAM (bytes): 0 (1%) Free IDATA RAM (bytes): 128 (99%)	Used IDATA RAM (bytes): 0 (1%) Free IDATA RAM (bytes): 128 (99%)
hint: 0	1144	Used ROM (bytes): 814 (7%)  Free ROM (bytes): 11474 (93%)	Used ROM (bytes): 814 (7%)  Free ROM (bytes): 11474 (93%)
diagnostics: 0	125	Project Linked Successfully	Lcd.mcp51
diagnostics: 0	128	Linked in 0 ms	 
diagnostics: 0	129	Project 'Lcd.mcp51' completed: 62 ms	 
diagnostics: 0	103	Finished successfully: 01 июн 2023, 14:24:10	Lcd.mcp51
