;  LST file generated by mikroListExporter - v.2.0 
; Date/Time: 17.06.2023 15:34:58
;----------------------------------------------

;Address Opcode 	ASM
0x0000	0x0201FD  	LJMP 509
0x0003	0x020000  	LJMP 0
0x0006	0x00      	NOP
0x0007	0x00      	NOP
0x0008	0x00      	NOP
0x0009	0x00      	NOP
0x000A	0x00      	NOP
0x000B	0x020000  	LJMP 0
0x000E	0x00      	NOP
0x000F	0x00      	NOP
0x0010	0x00      	NOP
0x0011	0x00      	NOP
0x0012	0x00      	NOP
0x0013	0x020000  	LJMP 0
0x0016	0x00      	NOP
0x0017	0x00      	NOP
0x0018	0x00      	NOP
0x0019	0x00      	NOP
0x001A	0x00      	NOP
0x001B	0x020000  	LJMP 0
0x001E	0x00      	NOP
0x001F	0x00      	NOP
0x0020	0x00      	NOP
0x0021	0x00      	NOP
0x0022	0x00      	NOP
0x0023	0x020000  	LJMP 0
0x0026	0x00      	NOP
0x0027	0x00      	NOP
0x0028	0x00      	NOP
0x0029	0x00      	NOP
0x002A	0x00      	NOP
0x002B	0x020000  	LJMP 0
_Delay_1us:
;__Lib_Delays.c,63 :: 		void Delay_1us() {
;__Lib_Delays.c,64 :: 		Delay_us(1);
0x002E	0x00      	NOP
;__Lib_Delays.c,65 :: 		}
0x002F	0x22      	RET
; end of _Delay_1us
_Delay_5500us:
;__Lib_Delays.c,213 :: 		void Delay_5500us() {
;__Lib_Delays.c,214 :: 		Delay_us(5500);
0x0030	0x7E09    	MOV R6, 9
0x0032	0x7FE9    	MOV R7, 233
0x0034	0xDFFE    	DJNZ R7, PC-2
0x0036	0xDEFC    	DJNZ R6, PC-4
0x0038	0x00      	NOP
;__Lib_Delays.c,215 :: 		}
0x0039	0x22      	RET
; end of _Delay_5500us
_Delay_50us:
;__Lib_Delays.c,138 :: 		void Delay_50us() {
;__Lib_Delays.c,139 :: 		Delay_us(50);
0x003A	0x7F14    	MOV R7, 20
0x003C	0xDFFE    	DJNZ R7, PC-2
0x003E	0x00      	NOP
;__Lib_Delays.c,140 :: 		}
0x003F	0x22      	RET
; end of _Delay_50us
_Lcd_Cmd:
;__Lib_Lcd.c,13 :: 		
;__Lib_Lcd.c,14 :: 		
0x0040	0xE52C    	MOV A, FARG_Lcd_Cmd_out_char
0x0042	0x5480    	ANL A, #128
0x0044	0xF8      	MOV R0, A
0x0045	0x630080  	XRL R0, #128
0x0048	0xE8      	MOV A, R0
0x0049	0x6004    	JZ L__Lcd_Cmd24
0x004B	0x7800    	MOV R0, #0
0x004D	0x8002    	SJMP L__Lcd_Cmd25
L__Lcd_Cmd24:
0x004F	0x7801    	MOV R0, #1
L__Lcd_Cmd25:
0x0051	0xE8      	MOV A, R0
0x0052	0x13      	RRC A
0x0053	0x92B7    	MOV LCD_D7, C
;__Lib_Lcd.c,15 :: 		
0x0055	0xE52C    	MOV A, FARG_Lcd_Cmd_out_char
0x0057	0x5440    	ANL A, #64
0x0059	0xF8      	MOV R0, A
0x005A	0x630040  	XRL R0, #64
0x005D	0xE8      	MOV A, R0
0x005E	0x6004    	JZ L__Lcd_Cmd26
0x0060	0x7800    	MOV R0, #0
0x0062	0x8002    	SJMP L__Lcd_Cmd27
L__Lcd_Cmd26:
0x0064	0x7801    	MOV R0, #1
L__Lcd_Cmd27:
0x0066	0xE8      	MOV A, R0
0x0067	0x13      	RRC A
0x0068	0x92B6    	MOV LCD_D6, C
;__Lib_Lcd.c,16 :: 		
0x006A	0xE52C    	MOV A, FARG_Lcd_Cmd_out_char
0x006C	0x5420    	ANL A, #32
0x006E	0xF8      	MOV R0, A
0x006F	0x630020  	XRL R0, #32
0x0072	0xE8      	MOV A, R0
0x0073	0x6004    	JZ L__Lcd_Cmd28
0x0075	0x7800    	MOV R0, #0
0x0077	0x8002    	SJMP L__Lcd_Cmd29
L__Lcd_Cmd28:
0x0079	0x7801    	MOV R0, #1
L__Lcd_Cmd29:
0x007B	0xE8      	MOV A, R0
0x007C	0x13      	RRC A
0x007D	0x92B5    	MOV LCD_D5, C
;__Lib_Lcd.c,17 :: 		
0x007F	0xE52C    	MOV A, FARG_Lcd_Cmd_out_char
0x0081	0x5410    	ANL A, #16
0x0083	0xF8      	MOV R0, A
0x0084	0x630010  	XRL R0, #16
0x0087	0xE8      	MOV A, R0
0x0088	0x6004    	JZ L__Lcd_Cmd30
0x008A	0x7800    	MOV R0, #0
0x008C	0x8002    	SJMP L__Lcd_Cmd31
L__Lcd_Cmd30:
0x008E	0x7801    	MOV R0, #1
L__Lcd_Cmd31:
0x0090	0xE8      	MOV A, R0
0x0091	0x13      	RRC A
0x0092	0x92B4    	MOV LCD_D4, C
;__Lib_Lcd.c,19 :: 		
0x0094	0xE52A    	MOV A, _cmd_status
0x0096	0x6004    	JZ L_Lcd_Cmd0
0x0098	0x7800    	MOV R0, #0
0x009A	0x8002    	SJMP L_Lcd_Cmd1
L_Lcd_Cmd0:
0x009C	0x7801    	MOV R0, #1
L_Lcd_Cmd1:
0x009E	0xE8      	MOV A, R0
0x009F	0x13      	RRC A
0x00A0	0x9284    	MOV LCD_RS, C
;__Lib_Lcd.c,21 :: 		
0x00A2	0xD286    	SETB LCD_EN
;__Lib_Lcd.c,22 :: 		
0x00A4	0x112E    	ACALL _Delay_1us
;__Lib_Lcd.c,23 :: 		
0x00A6	0xC286    	CLR LCD_EN
;__Lib_Lcd.c,25 :: 		
0x00A8	0xE52C    	MOV A, FARG_Lcd_Cmd_out_char
0x00AA	0x5408    	ANL A, #8
0x00AC	0xF8      	MOV R0, A
0x00AD	0x630008  	XRL R0, #8
0x00B0	0xE8      	MOV A, R0
0x00B1	0x6004    	JZ L__Lcd_Cmd32
0x00B3	0x7800    	MOV R0, #0
0x00B5	0x8002    	SJMP L__Lcd_Cmd33
L__Lcd_Cmd32:
0x00B7	0x7801    	MOV R0, #1
L__Lcd_Cmd33:
0x00B9	0xE8      	MOV A, R0
0x00BA	0x13      	RRC A
0x00BB	0x92B7    	MOV LCD_D7, C
;__Lib_Lcd.c,26 :: 		
0x00BD	0xE52C    	MOV A, FARG_Lcd_Cmd_out_char
0x00BF	0x5404    	ANL A, #4
0x00C1	0xF8      	MOV R0, A
0x00C2	0x630004  	XRL R0, #4
0x00C5	0xE8      	MOV A, R0
0x00C6	0x6004    	JZ L__Lcd_Cmd34
0x00C8	0x7800    	MOV R0, #0
0x00CA	0x8002    	SJMP L__Lcd_Cmd35
L__Lcd_Cmd34:
0x00CC	0x7801    	MOV R0, #1
L__Lcd_Cmd35:
0x00CE	0xE8      	MOV A, R0
0x00CF	0x13      	RRC A
0x00D0	0x92B6    	MOV LCD_D6, C
;__Lib_Lcd.c,27 :: 		
0x00D2	0xE52C    	MOV A, FARG_Lcd_Cmd_out_char
0x00D4	0x5402    	ANL A, #2
0x00D6	0xF8      	MOV R0, A
0x00D7	0x630002  	XRL R0, #2
0x00DA	0xE8      	MOV A, R0
0x00DB	0x6004    	JZ L__Lcd_Cmd36
0x00DD	0x7800    	MOV R0, #0
0x00DF	0x8002    	SJMP L__Lcd_Cmd37
L__Lcd_Cmd36:
0x00E1	0x7801    	MOV R0, #1
L__Lcd_Cmd37:
0x00E3	0xE8      	MOV A, R0
0x00E4	0x13      	RRC A
0x00E5	0x92B5    	MOV LCD_D5, C
;__Lib_Lcd.c,28 :: 		
0x00E7	0xE52C    	MOV A, FARG_Lcd_Cmd_out_char
0x00E9	0x5401    	ANL A, #1
0x00EB	0xF8      	MOV R0, A
0x00EC	0x630001  	XRL R0, #1
0x00EF	0xE8      	MOV A, R0
0x00F0	0x6004    	JZ L__Lcd_Cmd38
0x00F2	0x7800    	MOV R0, #0
0x00F4	0x8002    	SJMP L__Lcd_Cmd39
L__Lcd_Cmd38:
0x00F6	0x7801    	MOV R0, #1
L__Lcd_Cmd39:
0x00F8	0xE8      	MOV A, R0
0x00F9	0x13      	RRC A
0x00FA	0x92B4    	MOV LCD_D4, C
;__Lib_Lcd.c,30 :: 		
0x00FC	0xE52A    	MOV A, _cmd_status
0x00FE	0x6004    	JZ L_Lcd_Cmd2
0x0100	0x7800    	MOV R0, #0
0x0102	0x8002    	SJMP L_Lcd_Cmd3
L_Lcd_Cmd2:
0x0104	0x7801    	MOV R0, #1
L_Lcd_Cmd3:
0x0106	0xE8      	MOV A, R0
0x0107	0x13      	RRC A
0x0108	0x9284    	MOV LCD_RS, C
;__Lib_Lcd.c,32 :: 		
0x010A	0xD286    	SETB LCD_EN
;__Lib_Lcd.c,33 :: 		
0x010C	0x112E    	ACALL _Delay_1us
;__Lib_Lcd.c,34 :: 		
0x010E	0xC286    	CLR LCD_EN
;__Lib_Lcd.c,36 :: 		
0x0110	0xE52A    	MOV A, _cmd_status
0x0112	0x6004    	JZ L_Lcd_Cmd4
;__Lib_Lcd.c,37 :: 		
0x0114	0x1130    	ACALL _Delay_5500us
0x0116	0x8002    	SJMP L_Lcd_Cmd5
L_Lcd_Cmd4:
;__Lib_Lcd.c,39 :: 		
0x0118	0x113A    	ACALL _Delay_50us
L_Lcd_Cmd5:
;__Lib_Lcd.c,40 :: 		
0x011A	0x22      	RET
; end of _Lcd_Cmd
_UART_WRITEC:
;Lcd.c,106 :: 		void UART_WRITEC(char ch)
;Lcd.c,108 :: 		SBUF = ch;      // Load the data to be transmitted
0x011B	0x852B99  	MOV SBUF, FARG_UART_WRITEC_ch+0
;Lcd.c,109 :: 		while(TI_bit==0);   // Wait till the data is trasmitted
L_UART_WRITEC6:
0x011E	0x209902  	JB TI_bit, L_UART_WRITEC7
0x0121	0x80FB    	SJMP L_UART_WRITEC6
L_UART_WRITEC7:
;Lcd.c,110 :: 		TI_bit = 0;         //Clear the Tx flag for next cycle.
0x0123	0xC299    	CLR TI_bit
;Lcd.c,111 :: 		}
0x0125	0x22      	RET
; end of _UART_WRITEC
_Lcd_Chr_CP:
;__Lib_Lcd.c,42 :: 		
;__Lib_Lcd.c,44 :: 		
0x0126	0x752A00  	MOV _cmd_status, #0
;__Lib_Lcd.c,45 :: 		
0x0129	0x852B2C  	MOV FARG_Lcd_Cmd_out_char, FARG_Lcd_Chr_CP_out_char+0
0x012C	0x1140    	ACALL _Lcd_Cmd
;__Lib_Lcd.c,46 :: 		
0x012E	0x752A01  	MOV _cmd_status, #1
;__Lib_Lcd.c,47 :: 		
0x0131	0x22      	RET
; end of _Lcd_Chr_CP
_Lcd_Init:
;__Lib_Lcd.c,76 :: 		
;__Lib_Lcd.c,78 :: 		
0x0132	0xC286    	CLR LCD_EN
;__Lib_Lcd.c,80 :: 		
0x0134	0xC284    	CLR LCD_RS
;__Lib_Lcd.c,83 :: 		
0x0136	0x1130    	ACALL _Delay_5500us
;__Lib_Lcd.c,84 :: 		
0x0138	0x1130    	ACALL _Delay_5500us
;__Lib_Lcd.c,85 :: 		
0x013A	0x1130    	ACALL _Delay_5500us
;__Lib_Lcd.c,87 :: 		
0x013C	0xC2B7    	CLR LCD_D7
;__Lib_Lcd.c,88 :: 		
0x013E	0xC2B6    	CLR LCD_D6
;__Lib_Lcd.c,89 :: 		
0x0140	0xC2B5    	CLR LCD_D5
;__Lib_Lcd.c,90 :: 		
0x0142	0xC2B4    	CLR LCD_D4
;__Lib_Lcd.c,93 :: 		
0x0144	0xD2B5    	SETB LCD_D5
;__Lib_Lcd.c,94 :: 		
0x0146	0xD2B4    	SETB LCD_D4
;__Lib_Lcd.c,95 :: 		
0x0148	0xD286    	SETB LCD_EN
;__Lib_Lcd.c,96 :: 		
0x014A	0x112E    	ACALL _Delay_1us
;__Lib_Lcd.c,97 :: 		
0x014C	0xC286    	CLR LCD_EN
;__Lib_Lcd.c,98 :: 		
0x014E	0x1130    	ACALL _Delay_5500us
;__Lib_Lcd.c,100 :: 		
0x0150	0xD286    	SETB LCD_EN
;__Lib_Lcd.c,101 :: 		
0x0152	0x112E    	ACALL _Delay_1us
;__Lib_Lcd.c,102 :: 		
0x0154	0xC286    	CLR LCD_EN
;__Lib_Lcd.c,103 :: 		
0x0156	0x1130    	ACALL _Delay_5500us
;__Lib_Lcd.c,105 :: 		
0x0158	0xD286    	SETB LCD_EN
;__Lib_Lcd.c,106 :: 		
0x015A	0x112E    	ACALL _Delay_1us
;__Lib_Lcd.c,107 :: 		
0x015C	0xC286    	CLR LCD_EN
;__Lib_Lcd.c,108 :: 		
0x015E	0x1130    	ACALL _Delay_5500us
;__Lib_Lcd.c,111 :: 		
0x0160	0xD2B5    	SETB LCD_D5
;__Lib_Lcd.c,112 :: 		
0x0162	0xC2B4    	CLR LCD_D4
;__Lib_Lcd.c,113 :: 		
0x0164	0xD286    	SETB LCD_EN
;__Lib_Lcd.c,114 :: 		
0x0166	0x112E    	ACALL _Delay_1us
;__Lib_Lcd.c,115 :: 		
0x0168	0xC286    	CLR LCD_EN
;__Lib_Lcd.c,116 :: 		
0x016A	0x1130    	ACALL _Delay_5500us
;__Lib_Lcd.c,119 :: 		
0x016C	0xC2B7    	CLR LCD_D7
;__Lib_Lcd.c,120 :: 		
0x016E	0xC2B6    	CLR LCD_D6
;__Lib_Lcd.c,121 :: 		
0x0170	0xC2B5    	CLR LCD_D5
;__Lib_Lcd.c,122 :: 		
0x0172	0xD2B5    	SETB LCD_D5
;__Lib_Lcd.c,123 :: 		
0x0174	0xC2B4    	CLR LCD_D4
;__Lib_Lcd.c,124 :: 		
0x0176	0xD286    	SETB LCD_EN
;__Lib_Lcd.c,125 :: 		
0x0178	0x112E    	ACALL _Delay_1us
;__Lib_Lcd.c,126 :: 		
0x017A	0xC286    	CLR LCD_EN
;__Lib_Lcd.c,127 :: 		
0x017C	0xC2B5    	CLR LCD_D5
;__Lib_Lcd.c,128 :: 		
0x017E	0xD2B7    	SETB LCD_D7
;__Lib_Lcd.c,129 :: 		
0x0180	0xD286    	SETB LCD_EN
;__Lib_Lcd.c,130 :: 		
0x0182	0x112E    	ACALL _Delay_1us
;__Lib_Lcd.c,131 :: 		
0x0184	0xC286    	CLR LCD_EN
;__Lib_Lcd.c,132 :: 		
0x0186	0x1130    	ACALL _Delay_5500us
;__Lib_Lcd.c,135 :: 		
0x0188	0xC2B7    	CLR LCD_D7
;__Lib_Lcd.c,136 :: 		
0x018A	0xD2B4    	SETB LCD_D4
;__Lib_Lcd.c,137 :: 		
0x018C	0xD286    	SETB LCD_EN
;__Lib_Lcd.c,138 :: 		
0x018E	0x112E    	ACALL _Delay_1us
;__Lib_Lcd.c,139 :: 		
0x0190	0xC286    	CLR LCD_EN
;__Lib_Lcd.c,140 :: 		
0x0192	0xC2B4    	CLR LCD_D4
;__Lib_Lcd.c,141 :: 		
0x0194	0xD286    	SETB LCD_EN
;__Lib_Lcd.c,142 :: 		
0x0196	0x112E    	ACALL _Delay_1us
;__Lib_Lcd.c,143 :: 		
0x0198	0xC286    	CLR LCD_EN
;__Lib_Lcd.c,144 :: 		
0x019A	0x1130    	ACALL _Delay_5500us
;__Lib_Lcd.c,147 :: 		
0x019C	0xC2B4    	CLR LCD_D4
;__Lib_Lcd.c,148 :: 		
0x019E	0xD286    	SETB LCD_EN
;__Lib_Lcd.c,149 :: 		
0x01A0	0x112E    	ACALL _Delay_1us
;__Lib_Lcd.c,150 :: 		
0x01A2	0xC286    	CLR LCD_EN
;__Lib_Lcd.c,151 :: 		
0x01A4	0xD2B4    	SETB LCD_D4
;__Lib_Lcd.c,152 :: 		
0x01A6	0xD286    	SETB LCD_EN
;__Lib_Lcd.c,153 :: 		
0x01A8	0x112E    	ACALL _Delay_1us
;__Lib_Lcd.c,154 :: 		
0x01AA	0xC286    	CLR LCD_EN
;__Lib_Lcd.c,155 :: 		
0x01AC	0x1130    	ACALL _Delay_5500us
;__Lib_Lcd.c,158 :: 		
0x01AE	0xC2B4    	CLR LCD_D4
;__Lib_Lcd.c,159 :: 		
0x01B0	0xD286    	SETB LCD_EN
;__Lib_Lcd.c,160 :: 		
0x01B2	0x112E    	ACALL _Delay_1us
;__Lib_Lcd.c,161 :: 		
0x01B4	0xC286    	CLR LCD_EN
;__Lib_Lcd.c,163 :: 		
0x01B6	0xD2B7    	SETB LCD_D7
;__Lib_Lcd.c,164 :: 		
0x01B8	0xD2B6    	SETB LCD_D6
;__Lib_Lcd.c,165 :: 		
0x01BA	0xD2B5    	SETB LCD_D5
;__Lib_Lcd.c,166 :: 		
0x01BC	0xD2B4    	SETB LCD_D4
;__Lib_Lcd.c,167 :: 		
0x01BE	0xD286    	SETB LCD_EN
;__Lib_Lcd.c,168 :: 		
0x01C0	0x112E    	ACALL _Delay_1us
;__Lib_Lcd.c,169 :: 		
0x01C2	0xC286    	CLR LCD_EN
;__Lib_Lcd.c,171 :: 		
0x01C4	0x1130    	ACALL _Delay_5500us
;__Lib_Lcd.c,173 :: 		
0x01C6	0x752A01  	MOV _cmd_status, #1
;__Lib_Lcd.c,174 :: 		
0x01C9	0x22      	RET
; end of _Lcd_Init
___CC2D:
;__Lib_System.c,13 :: 		
;__Lib_System.c,15 :: 		
_CC2D_Loop1:
;__Lib_System.c,16 :: 		
0x01CA	0xE4      	CLR A
;__Lib_System.c,17 :: 		
0x01CB	0x93      	MOVC A, @A+DPTR
;__Lib_System.c,18 :: 		
0x01CC	0xF6      	MOV @R0, A
;__Lib_System.c,19 :: 		
0x01CD	0x08      	INC R0
;__Lib_System.c,20 :: 		
0x01CE	0xA3      	INC DPTR
;__Lib_System.c,21 :: 		
0x01CF	0xD9F9    	DJNZ R1, _CC2D_Loop1
;__Lib_System.c,23 :: 		
0x01D1	0x22      	RET
; end of ___CC2D
_delay:
;Lcd.c,21 :: 		void delay(short int ms) {
;Lcd.c,22 :: 		for (i=0; i<ms; i++){};
0x01D2	0x752800  	MOV _i, #0
L_delay0:
0x01D5	0xC3      	CLR C
0x01D6	0xE52B    	MOV A, FARG_delay_ms
0x01D8	0x6480    	XRL A, #128
0x01DA	0xF8      	MOV R0, A
0x01DB	0xE528    	MOV A, _i
0x01DD	0x6480    	XRL A, #128
0x01DF	0x98      	SUBB A, R0
0x01E0	0x5004    	JNC L_delay1
0x01E2	0x0528    	INC _i
0x01E4	0x80EF    	SJMP L_delay0
L_delay1:
;Lcd.c,23 :: 		}
0x01E6	0x22      	RET
; end of _delay
_UART_READC:
;Lcd.c,114 :: 		char UART_READC(void)
;Lcd.c,116 :: 		while(RI_bit==0);     // Wait till the data is received
L_UART_READC8:
0x01E7	0x209802  	JB RI_bit, L_UART_READC9
0x01EA	0x80FB    	SJMP L_UART_READC8
L_UART_READC9:
;Lcd.c,117 :: 		RI_bit=0;             // Clear Receive Interrupt Flag for next cycle
0x01EC	0xC298    	CLR RI_bit
;Lcd.c,118 :: 		return(SBUF);     // return the received char
0x01EE	0xA899    	MOV R0, SBUF
;Lcd.c,119 :: 		}
0x01F0	0x22      	RET
; end of _UART_READC
_UART_Init:
;Lcd.c,97 :: 		void UART_Init()
;Lcd.c,99 :: 		SCON = 0x50;  // Asynchronous mode, 8-bit data and 1-stop bit
0x01F1	0x759850  	MOV SCON, #80
;Lcd.c,100 :: 		TMOD = 0x20;  //Timer1 in Mode2.
0x01F4	0x758920  	MOV TMOD, #32
;Lcd.c,101 :: 		TH1 = 0xF5;
0x01F7	0x758DF5  	MOV TH1, #245
;Lcd.c,103 :: 		TR1_bit = 1;      //Turn ON the timer for Baud rate generation
0x01FA	0xD28E    	SETB TR1_bit
;Lcd.c,104 :: 		}
0x01FC	0x22      	RET
; end of _UART_Init
_main:
0x01FD	0x758180  	MOV SP, #128
;Lcd.c,148 :: 		void main() {
;Lcd.c,149 :: 		for (i=0;i<32;i++) {
0x0200	0x752800  	MOV _i, #0
L_main12:
0x0203	0xC3      	CLR C
0x0204	0x7420    	MOV A, #32
0x0206	0x6480    	XRL A, #128
0x0208	0xF8      	MOV R0, A
0x0209	0xE528    	MOV A, _i
0x020B	0x6480    	XRL A, #128
0x020D	0x98      	SUBB A, R0
0x020E	0x500B    	JNC L_main13
;Lcd.c,150 :: 		sigma[i] = ' ';
0x0210	0x7408    	MOV A, lo_addr(_sigma)
0x0212	0x2528    	ADD A, _i
0x0214	0xF8      	MOV R0, A
0x0215	0x7620    	MOV @R0, #32
;Lcd.c,149 :: 		for (i=0;i<32;i++) {
0x0217	0x0528    	INC _i
;Lcd.c,151 :: 		}
0x0219	0x80E8    	SJMP L_main12
L_main13:
;Lcd.c,153 :: 		Lcd_Init();                        // Initialize LCD
0x021B	0x3132    	ACALL _Lcd_Init
;Lcd.c,155 :: 		Lcd_Cmd(_LCD_CLEAR);               // Clear display
0x021D	0x752C01  	MOV FARG_Lcd_Cmd_out_char, #1
0x0220	0x1140    	ACALL _Lcd_Cmd
;Lcd.c,156 :: 		Lcd_Cmd(_LCD_CURSOR_OFF);          // Cursor off
0x0222	0x752C0C  	MOV FARG_Lcd_Cmd_out_char, #12
0x0225	0x1140    	ACALL _Lcd_Cmd
;Lcd.c,160 :: 		delay(10000);
0x0227	0x752B10  	MOV FARG_delay_ms, #16
0x022A	0x31D2    	ACALL _delay
;Lcd.c,163 :: 		UART_Init();
0x022C	0x31F1    	ACALL _UART_Init
;Lcd.c,164 :: 		delay(10000);
0x022E	0x752B10  	MOV FARG_delay_ms, #16
0x0231	0x31D2    	ACALL _delay
;Lcd.c,170 :: 		while (1) {
L_main15:
;Lcd.c,172 :: 		k = UART_READC();
0x0233	0x31E7    	ACALL _UART_READC
0x0235	0x850029  	MOV _k, 0
;Lcd.c,173 :: 		UART_WRITEC(k);
0x0238	0x85002B  	MOV FARG_UART_WRITEC_ch, 0
0x023B	0x311B    	ACALL _UART_WRITEC
;Lcd.c,174 :: 		delay(1000);
0x023D	0x752BE8  	MOV FARG_delay_ms, #232
0x0240	0x31D2    	ACALL _delay
;Lcd.c,175 :: 		Lcd_Chr_Cp(k);
0x0242	0x85292B  	MOV FARG_Lcd_Chr_CP_out_char, _k+0
0x0245	0x3126    	ACALL _Lcd_Chr_CP
;Lcd.c,176 :: 		delay(1000);
0x0247	0x752BE8  	MOV FARG_delay_ms, #232
0x024A	0x31D2    	ACALL _delay
;Lcd.c,180 :: 		}
0x024C	0x80E5    	SJMP L_main15
;Lcd.c,181 :: 		}
0x024E	0x80FE    	SJMP #254
; end of _main
Symbol List:
//** Routines locations **
//ADDRESS    SIZE    PROCEDURE
//----------------------------------------------
0x002E       [2]    _Delay_1us
0x0030      [10]    _Delay_5500us
0x003A       [6]    _Delay_50us
0x0040     [219]    _Lcd_Cmd
0x011B      [11]    _UART_WRITEC
0x0126      [12]    _Lcd_Chr_CP
0x0132     [152]    _Lcd_Init
0x01CA       [8]    ___CC2D
0x01D2      [21]    _delay
0x01E7      [10]    _UART_READC
0x01F1      [12]    _UART_Init
0x01FD      [83]    _main
//** Variables locations ** 
//ADDRESS    SIZE    VARIABLE
//----------------------------------------------
0x0000       [1]    R0
0x0001       [1]    R1
0x0002       [1]    R2
0x0003       [1]    R3
0x0004       [1]    R4
0x0005       [1]    R5
0x0006       [1]    R6
0x0007       [1]    R7
0x0008      [32]    _sigma
0x0028       [1]    _i
0x0029       [1]    _k
0x002A       [1]    _cmd_status
0x002B       [1]    FARG_Lcd_Chr_CP_out_char
0x002B       [1]    FARG_delay_ms
0x002B       [1]    FARG_UART_WRITEC_ch
0x002C       [1]    FARG_Lcd_Cmd_out_char
0x0080       [0]    LCD_RS
0x0080       [0]    LCD_EN
0x0080       [0]    P0_4_bit
0x0080       [0]    P0_6_bit
0x0081       [1]    SP
0x0082       [1]    DPL
0x0083       [1]    DPH
0x0088       [0]    TR1_bit
0x0089       [1]    TMOD
0x008D       [1]    TH1
0x0098       [0]    RI_bit
0x0098       [1]    SCON
0x0098       [0]    TI_bit
0x0099       [1]    SBUF
0x00B0       [0]    LCD_D4
0x00B0       [0]    P3_7_bit
0x00B0       [0]    LCD_D7
0x00B0       [0]    LCD_D5
0x00B0       [0]    LCD_D6
0x00B0       [0]    P3_6_bit
0x00B0       [0]    P3_5_bit
0x00B0       [0]    P3_4_bit
0x00D0       [1]    PSW
0x00E0       [1]    ACC
0x00F0       [1]    B
//** Label List: ** 
//----------------------------------------------
  L_delay0
  L_delay1
  L_delay2
  L_Lcd_Cursor3
  L_Lcd_Cursor4
  L_Lcd_Cursor5
  L_UART_WRITEC6
  L_UART_WRITEC7
  L_UART_READC8
  L_UART_READC9
  L_UART_RxString10
  L_UART_RxString11
  L_main12
  L_main13
  L_main14
  L_main15
  L_main16
  _delay
  _CMD_LCD
  L__CMD_LCD17
  L__CMD_LCD18
  _Lcd_Write
  L__Lcd_Write19
  L__Lcd_Write20
  _Lcd_Cursor
  L__Lcd_Cursor21
  _CHR_LCD
  _INIT_LCD
  _UART_Init
  _UART_WRITEC
  _UART_READC
  _UART_RxString
  _main
  L_Delay_Cyc0
  L_Delay_Cyc1
  L_VDelay_ms2
  L_VDelay_ms3
  L_VDelay_ms4
  L_VDelay_ms5
  _Get_Fosc_kHz
  _Delay_1us
  _Delay_10us
  _Delay_22us
  _Delay_50us
  _Delay_80us
  _Delay_500us
  _Delay_5500us
  _Delay_8ms
  _Delay_10ms
  _Delay_100ms
  _Delay_1sec
  _Delay_Cyc
  _VDelay_ms
  L_Lcd_Cmd0
  L_Lcd_Cmd1
  L_Lcd_Cmd2
  L_Lcd_Cmd3
  L_Lcd_Cmd4
  L_Lcd_Cmd5
  L_LCD_Out_CP6
  L_LCD_Out_CP7
  L_Lcd_Chr8
  L_Lcd_Chr9
  L_Lcd_Chr10
  L_Lcd_Chr11
  L_Lcd_Chr12
  L_Lcd_Chr13
  L_Lcd_Chr14
  L_LCD_Out15
  L_LCD_Out16
  L_LCD_Out17
  L_LCD_Out18
  L_LCD_Out19
  L_LCD_Out20
  L_LCD_Out21
  L_LCD_Out22
  L_LCD_Out23
  _Lcd_Cmd
  L__Lcd_Cmd24
  L__Lcd_Cmd25
  L__Lcd_Cmd26
  L__Lcd_Cmd27
  L__Lcd_Cmd28
  L__Lcd_Cmd29
  L__Lcd_Cmd30
  L__Lcd_Cmd31
  L__Lcd_Cmd32
  L__Lcd_Cmd33
  L__Lcd_Cmd34
  L__Lcd_Cmd35
  L__Lcd_Cmd36
  L__Lcd_Cmd37
  L__Lcd_Cmd38
  L__Lcd_Cmd39
  _Lcd_Chr_CP
  _LCD_Out_CP
  _Lcd_Chr
  _Lcd_Init
  _LCD_Out
  _CC2D_Loop1
  _CC2PD_Loop1
  _CC2XD_Loop1
  ___DoIFC
  ___CC2D
  ___CC2PD
  ___CC2XD
