0	1	mikroc8051.exe -MSF -DBG -pAT89S8253 -ES -DL -O11111114 -fo10 -N"C:\Users\Администратор\Desktop\kal\йцйуцуц\Lcd.mcp51" -SP"C:\Program Files (x86)\MikroElektronika\mikroC PRO for 8051\defs\" -SP"C:\Users\Администратор\Desktop\kal\йцйуцуц\" -SP"C:\Users\Kadet\Documents\Mikroelektronika\mikroC PRO for 8051\defs\" -SP"C:\Users\Kadet\Documents\Mikroelektronika\mikroC PRO for 8051\Uses\ATMEL\" -SP"C:\Users\Kadet\Documents\GitHub\temp\" -SP"C:\Users\Public\Documents\Mikroelektronika\mikroC PRO for 8051\defs\" -SP"C:\Users\Администратор\Desktop\kal\" -SP"C:\Users\Public\Documents\Mikroelektronika\mikroC PRO for 8051\Uses\ATMEL\" -SP"C:\Users\Kadet\Desktop\Новая папка\2я практика - kal-20230525T103228Z-001\2я практика - kal\" -SP"C:\Users\Администратор\Desktop\serial data received\2я практика - kal-20230525T103228Z-001\2я практика - kal\" -SP"C:\Program Files (x86)\MikroElektronika\mikroC PRO for 8051\Uses\ATMEL\" -SP"C:\Program Files (x86)\MikroElectronika\mikroC PRO for 8051\defs\" -SP"C:\Program Files (x86)\MikroElectronika\mikroC PRO for 8051\Examples\ATMEL\Development Systems\Easy8051v6\Lcd\" -SP"C:\Program Files (x86)\MikroElectronika\mikroC PRO for 8051\Uses\ATMEL\" -SP"C:\Program Files (x86)\MikroElectronika\mikroC PRO for 8051\Examples\ATMEL\Development Systems\Easy8051v6\" "Lcd.c" "__Lib_Math.mcl" "__Lib_MathDouble.mcl" "__Lib_System.mcl" "__Lib_Delays.mcl" "__Lib_UART_Timer1.mcl" "__Lib_LcdConsts.mcl" "__Lib_Lcd.mcl"	 
warning: 0	1501	Specified search path does not exist: 'C:\Users\Kadet\Documents\Mikroelektronika\mikroC PRO for 8051\defs'	 
warning: 0	1501	Specified search path does not exist: 'C:\Users\Kadet\Documents\Mikroelektronika\mikroC PRO for 8051\Uses\ATMEL'	 
warning: 0	1501	Specified search path does not exist: 'C:\Users\Kadet\Documents\GitHub\temp'	 
warning: 0	1501	Specified search path does not exist: 'C:\Users\Public\Documents\Mikroelektronika\mikroC PRO for 8051\defs'	 
warning: 0	1501	Specified search path does not exist: 'C:\Users\Public\Documents\Mikroelektronika\mikroC PRO for 8051\Uses\ATMEL'	 
warning: 0	1501	Specified search path does not exist: 'C:\Users\Kadet\Desktop\Нова	 
0	0		
0	0		
0	0		
warning: 0	1501	Specified search path does not exist: 'C:\Program Files (x86)\MikroElectronika\mikroC PRO for 8051\defs'	 
warning: 0	1501	Specified search path does not exist: 'C:\Program Files (x86)\MikroElectronika\mikroC PRO for 8051\Examples\ATMEL\Development Systems\Easy8051v6\Lcd'	 
warning: 0	1501	Specified search path does not exist: 'C:\Program Files (x86)\MikroElectronika\mikroC PRO for 8051\Uses\ATMEL'	 
warning: 0	1501	Specified search path does not exist: 'C:\Program Files (x86)\MikroElectronika\mikroC PRO for 8051\Examples\ATMEL\Development Systems\Easy8051v6'	 
diagnostics: 0	122	Compilation Started	Lcd.c
diagnostics: 181	123	Compiled Successfully	Lcd.c
hint: 122	1164	Variable 'ch' has been eliminated by optimizer	Lcd.c
diagnostics: 0	127	All files Compiled in 31 ms	 
hint: 0	1144	Used BDATA RAM (bytes): 5 (31%) Free BDATA RAM (bytes): 11 (69%)	Used BDATA RAM (bytes): 5 (31%) Free BDATA RAM (bytes): 11 (69%)
hint: 0	1144	Used DATA RAM (bytes): 32 (31%) Free DATA RAM (bytes): 72 (69%)	Used DATA RAM (bytes): 32 (31%) Free DATA RAM (bytes): 72 (69%)
hint: 0	1144	Used IDATA RAM (bytes): 0 (1%) Free IDATA RAM (bytes): 128 (99%)	Used IDATA RAM (bytes): 0 (1%) Free IDATA RAM (bytes): 128 (99%)
hint: 0	1144	Used ROM (bytes): 592 (5%)  Free ROM (bytes): 11696 (95%)	Used ROM (bytes): 592 (5%)  Free ROM (bytes): 11696 (95%)
diagnostics: 0	125	Project Linked Successfully	Lcd.mcp51
diagnostics: 0	128	Linked in 16 ms	 
diagnostics: 0	129	Project 'Lcd.mcp51' completed: 63 ms	 
diagnostics: 0	103	Finished successfully: 17 июн 2023, 15:34:58	Lcd.mcp51
